<?xml version="1.0" encoding="UTF-8"?>
<!-- Generated by org.testng.reporters.JUnitXMLReporter -->
<testsuite ignored="3" hostname="DESKTOP-JK5UN39" failures="0" tests="5" name="Test" time="14.096" errors="0" timestamp="2025-07-28T20:01:02 IST">
  <testcase classname="GroupExecution.GroupExecutionTest" name="case1" time="3.345"/>
  <testcase classname="GroupExecution.GroupExecutionTest2" name="case2" time="2.601"/>
  <testcase classname="GroupExecution.GroupExecutionTest3" name="case2" time="2.709"/>
  <testcase classname="GroupExecution.GroupExecutionTest1" name="case1" time="2.538"/>
  <testcase classname="GroupExecution.GroupExecutionTest1" name="case2" time="2.827"/>
  <testcase classname="GroupExecution.GroupExecutionTest2" name="case1" time="0.0">
    <ignored/>
  </testcase> <!-- case1 -->
  <testcase classname="GroupExecution.GroupExecutionTest3" name="case1" time="0.0">
    <ignored/>
  </testcase> <!-- case1 -->
  <testcase classname="GroupExecution.GroupExecutionTest" name="case2" time="0.0">
    <ignored/>
  </testcase> <!-- case2 -->
</testsuite> <!-- Test -->
